2025-03-08 21:51:40,820 - __main__ - INFO - Iniciando Enigma Hunter CLI...
2025-03-08 21:51:40,832 - __main__ - ERROR - Erro fatal: 'EnigmaHunterCLI' object has no attribute 'character_manager'
2025-03-08 21:52:01,218 - __main__ - INFO - Iniciando Enigma Hunter CLI...
2025-03-08 21:52:01,225 - __main__ - ERROR - Erro fatal: 'EnigmaHunterCLI' object has no attribute 'character_manager'
2025-03-08 21:59:37,649 - __main__ - INFO - Iniciando Enigma Hunter CLI...
2025-03-08 21:59:47,488 - __main__ - ERROR - Erro fatal: type object 'Story' has no attribute 'created_date'
2025-03-08 22:06:37,533 - __main__ - INFO - Iniciando Enigma Hunter CLI...
2025-03-08 22:06:42,646 - src.repositories.story_repository - ERROR - Erro ao buscar todas as histórias: (sqlite3.OperationalError) no such table: story
[SQL: SELECT story.story_id AS story_story_id, story.title AS story_title, story.description AS story_description, story.introduction AS story_introduction, story.conclusion AS story_conclusion, story.difficulty_level AS story_difficulty_level, story.solution_criteria AS story_solution_criteria, story.specialization_config AS story_specialization_config, story.is_active AS story_is_active, story.created_at AS story_created_at, story.updated_at AS story_updated_at 
FROM story 
WHERE story.is_active = 1 ORDER BY story.created_at DESC]
(Background on this error at: https://sqlalche.me/e/20/e3q8)
2025-03-08 22:06:42,646 - __main__ - ERROR - Erro fatal: (sqlite3.OperationalError) no such table: story
[SQL: SELECT story.story_id AS story_story_id, story.title AS story_title, story.description AS story_description, story.introduction AS story_introduction, story.conclusion AS story_conclusion, story.difficulty_level AS story_difficulty_level, story.solution_criteria AS story_solution_criteria, story.specialization_config AS story_specialization_config, story.is_active AS story_is_active, story.created_at AS story_created_at, story.updated_at AS story_updated_at 
FROM story 
WHERE story.is_active = 1 ORDER BY story.created_at DESC]
(Background on this error at: https://sqlalche.me/e/20/e3q8)
2025-03-08 22:34:10,704 - __main__ - INFO - Iniciando Enigma Hunter CLI...
2025-03-08 22:34:15,389 - src.repositories.story_repository - ERROR - Erro ao buscar todas as histórias: (sqlite3.OperationalError) no such table: story
[SQL: SELECT story.story_id AS story_story_id, story.title AS story_title, story.description AS story_description, story.introduction AS story_introduction, story.conclusion AS story_conclusion, story.difficulty_level AS story_difficulty_level, story.solution_criteria AS story_solution_criteria, story.specialization_config AS story_specialization_config, story.is_active AS story_is_active, story.created_at AS story_created_at, story.updated_at AS story_updated_at 
FROM story 
WHERE story.is_active = 1 ORDER BY story.created_at DESC]
(Background on this error at: https://sqlalche.me/e/20/e3q8)
2025-03-08 22:34:15,389 - __main__ - ERROR - Erro fatal: (sqlite3.OperationalError) no such table: story
[SQL: SELECT story.story_id AS story_story_id, story.title AS story_title, story.description AS story_description, story.introduction AS story_introduction, story.conclusion AS story_conclusion, story.difficulty_level AS story_difficulty_level, story.solution_criteria AS story_solution_criteria, story.specialization_config AS story_specialization_config, story.is_active AS story_is_active, story.created_at AS story_created_at, story.updated_at AS story_updated_at 
FROM story 
WHERE story.is_active = 1 ORDER BY story.created_at DESC]
(Background on this error at: https://sqlalche.me/e/20/e3q8)
2025-03-08 22:37:07,134 - __main__ - INFO - Iniciando Enigma Hunter CLI...
2025-03-08 22:37:11,705 - src.repositories.story_repository - ERROR - Erro ao buscar todas as histórias: (sqlite3.OperationalError) no such table: story
[SQL: SELECT story.story_id AS story_story_id, story.title AS story_title, story.description AS story_description, story.introduction AS story_introduction, story.conclusion AS story_conclusion, story.difficulty_level AS story_difficulty_level, story.solution_criteria AS story_solution_criteria, story.specialization_config AS story_specialization_config, story.is_active AS story_is_active, story.created_at AS story_created_at, story.updated_at AS story_updated_at 
FROM story 
WHERE story.is_active = 1 ORDER BY story.created_at DESC]
(Background on this error at: https://sqlalche.me/e/20/e3q8)
2025-03-08 22:37:11,705 - __main__ - ERROR - Erro fatal: (sqlite3.OperationalError) no such table: story
[SQL: SELECT story.story_id AS story_story_id, story.title AS story_title, story.description AS story_description, story.introduction AS story_introduction, story.conclusion AS story_conclusion, story.difficulty_level AS story_difficulty_level, story.solution_criteria AS story_solution_criteria, story.specialization_config AS story_specialization_config, story.is_active AS story_is_active, story.created_at AS story_created_at, story.updated_at AS story_updated_at 
FROM story 
WHERE story.is_active = 1 ORDER BY story.created_at DESC]
(Background on this error at: https://sqlalche.me/e/20/e3q8)
2025-03-08 22:40:42,141 - __main__ - INFO - Iniciando Enigma Hunter CLI...
2025-03-08 22:40:46,141 - src.repositories.story_repository - ERROR - Erro ao buscar todas as histórias: (sqlite3.OperationalError) no such table: story
[SQL: SELECT story.story_id AS story_story_id, story.title AS story_title, story.description AS story_description, story.introduction AS story_introduction, story.conclusion AS story_conclusion, story.difficulty_level AS story_difficulty_level, story.solution_criteria AS story_solution_criteria, story.specialization_config AS story_specialization_config, story.is_active AS story_is_active, story.created_at AS story_created_at, story.updated_at AS story_updated_at 
FROM story 
WHERE story.is_active = 1 ORDER BY story.created_at DESC]
(Background on this error at: https://sqlalche.me/e/20/e3q8)
2025-03-08 22:40:46,141 - __main__ - ERROR - Erro fatal: (sqlite3.OperationalError) no such table: story
[SQL: SELECT story.story_id AS story_story_id, story.title AS story_title, story.description AS story_description, story.introduction AS story_introduction, story.conclusion AS story_conclusion, story.difficulty_level AS story_difficulty_level, story.solution_criteria AS story_solution_criteria, story.specialization_config AS story_specialization_config, story.is_active AS story_is_active, story.created_at AS story_created_at, story.updated_at AS story_updated_at 
FROM story 
WHERE story.is_active = 1 ORDER BY story.created_at DESC]
(Background on this error at: https://sqlalche.me/e/20/e3q8)
2025-03-08 23:00:08,878 - __main__ - INFO - Iniciando Enigma Hunter CLI...
2025-03-08 23:00:12,950 - src.repositories.story_repository - ERROR - Erro ao buscar todas as histórias: (sqlite3.OperationalError) no such table: story
[SQL: SELECT story.story_id AS story_story_id, story.title AS story_title, story.description AS story_description, story.introduction AS story_introduction, story.conclusion AS story_conclusion, story.difficulty_level AS story_difficulty_level, story.solution_criteria AS story_solution_criteria, story.specialization_config AS story_specialization_config, story.is_active AS story_is_active, story.created_at AS story_created_at, story.updated_at AS story_updated_at 
FROM story 
WHERE story.is_active = 1 ORDER BY story.created_at DESC]
(Background on this error at: https://sqlalche.me/e/20/e3q8)
2025-03-08 23:00:12,950 - __main__ - ERROR - Erro fatal: (sqlite3.OperationalError) no such table: story
[SQL: SELECT story.story_id AS story_story_id, story.title AS story_title, story.description AS story_description, story.introduction AS story_introduction, story.conclusion AS story_conclusion, story.difficulty_level AS story_difficulty_level, story.solution_criteria AS story_solution_criteria, story.specialization_config AS story_specialization_config, story.is_active AS story_is_active, story.created_at AS story_created_at, story.updated_at AS story_updated_at 
FROM story 
WHERE story.is_active = 1 ORDER BY story.created_at DESC]
(Background on this error at: https://sqlalche.me/e/20/e3q8)
2025-03-08 23:01:04,268 - __main__ - INFO - Iniciando Enigma Hunter CLI...
2025-03-08 23:01:09,730 - src.repositories.story_repository - ERROR - Erro ao buscar todas as histórias: (sqlite3.OperationalError) no such table: story
[SQL: SELECT story.story_id AS story_story_id, story.title AS story_title, story.description AS story_description, story.introduction AS story_introduction, story.conclusion AS story_conclusion, story.difficulty_level AS story_difficulty_level, story.solution_criteria AS story_solution_criteria, story.specialization_config AS story_specialization_config, story.is_active AS story_is_active, story.created_at AS story_created_at, story.updated_at AS story_updated_at 
FROM story 
WHERE story.is_active = 1 ORDER BY story.created_at DESC]
(Background on this error at: https://sqlalche.me/e/20/e3q8)
2025-03-08 23:01:09,730 - __main__ - ERROR - Erro fatal: (sqlite3.OperationalError) no such table: story
[SQL: SELECT story.story_id AS story_story_id, story.title AS story_title, story.description AS story_description, story.introduction AS story_introduction, story.conclusion AS story_conclusion, story.difficulty_level AS story_difficulty_level, story.solution_criteria AS story_solution_criteria, story.specialization_config AS story_specialization_config, story.is_active AS story_is_active, story.created_at AS story_created_at, story.updated_at AS story_updated_at 
FROM story 
WHERE story.is_active = 1 ORDER BY story.created_at DESC]
(Background on this error at: https://sqlalche.me/e/20/e3q8)
2025-03-08 23:04:30,607 - __main__ - INFO - Iniciando Enigma Hunter CLI...
2025-03-08 23:04:45,790 - src.repositories.player_progress_repository - ERROR - Erro ao criar sessão de jogador: 'start_time' is an invalid keyword argument for PlayerProgress
2025-03-08 23:10:52,912 - __main__ - INFO - Iniciando Enigma Hunter CLI...
2025-03-08 23:11:00,706 - src.repositories.player_progress_repository - ERROR - Erro ao criar sessão de jogador: 'current_location_id' is an invalid keyword argument for PlayerProgress
2025-03-08 23:46:50,380 - __main__ - INFO - Iniciando Enigma Hunter CLI...
2025-03-08 23:46:57,848 - src.repositories.player_progress_repository - ERROR - Erro ao criar sessão de jogador: type object 'Location' has no attribute 'story_id'
2025-03-08 23:52:57,480 - __main__ - INFO - Iniciando Enigma Hunter CLI...
2025-03-08 23:53:07,611 - __main__ - INFO - Iniciando Enigma Hunter CLI...
2025-03-08 23:53:12,056 - __main__ - ERROR - Erro fatal: 'PlayerProgressRepository' object has no attribute 'list_player_sessions'
2025-03-08 23:53:43,869 - __main__ - INFO - Iniciando Enigma Hunter CLI...
2025-03-08 23:53:51,017 - src.repositories.player_progress_repository - ERROR - Erro ao criar sessão de jogador: type object 'Location' has no attribute 'story_id'
2025-03-08 23:53:51,024 - src.repositories.player_progress_repository - ERROR - Erro ao obter estado da sessão: name 'SQLAlchemyError' is not defined
2025-03-08 23:53:51,025 - src.repositories.story_repository - WARNING - História não encontrada: ID None
2025-03-08 23:53:51,027 - src.repositories.story_repository - WARNING - História não encontrada: ID None
2025-03-08 23:53:51,027 - src.repositories.player_progress_repository - ERROR - Erro ao obter estado da sessão: name 'SQLAlchemyError' is not defined
2025-03-08 23:53:51,028 - src.repositories.story_repository - WARNING - História não encontrada: ID None
2025-03-08 23:54:05,048 - src.repositories.player_progress_repository - ERROR - Erro ao obter estado da sessão: name 'SQLAlchemyError' is not defined
2025-03-08 23:54:05,050 - src.repositories.story_repository - WARNING - História não encontrada: ID None
2025-03-08 23:54:05,999 - src.repositories.player_progress_repository - ERROR - Erro ao obter estado da sessão: name 'SQLAlchemyError' is not defined
2025-03-08 23:54:06,001 - src.repositories.story_repository - WARNING - História não encontrada: ID None
2025-03-08 23:54:16,507 - __main__ - INFO - Iniciando Enigma Hunter CLI...
2025-03-08 23:54:22,159 - src.repositories.player_progress_repository - ERROR - Erro ao criar sessão de jogador: type object 'Location' has no attribute 'story_id'
2025-03-08 23:54:22,165 - src.repositories.player_progress_repository - ERROR - Erro ao obter estado da sessão: name 'SQLAlchemyError' is not defined
2025-03-08 23:54:22,166 - src.repositories.story_repository - WARNING - História não encontrada: ID None
2025-03-08 23:54:22,168 - src.repositories.story_repository - WARNING - História não encontrada: ID None
2025-03-08 23:54:22,168 - src.repositories.player_progress_repository - ERROR - Erro ao obter estado da sessão: name 'SQLAlchemyError' is not defined
2025-03-08 23:54:22,169 - src.repositories.story_repository - WARNING - História não encontrada: ID None
2025-03-08 23:57:35,740 - __main__ - INFO - Iniciando Enigma Hunter CLI...
2025-03-08 23:57:41,489 - src.repositories.player_progress_repository - ERROR - Erro ao criar sessão de jogador: type object 'Location' has no attribute 'story_id'
2025-03-08 23:57:41,502 - src.repositories.player_progress_repository - ERROR - Erro ao buscar progresso para sessão {'success': False, 'error': "type object 'Location' has no attribute 'story_id'"}: (sqlite3.ProgrammingError) Error binding parameter 1: type 'dict' is not supported
[SQL: SELECT player_progress.progress_id AS player_progress_progress_id, player_progress.player_id AS player_progress_player_id, player_progress.story_id AS player_progress_story_id, player_progress.session_id AS player_progress_session_id, player_progress.current_location_id AS player_progress_current_location_id, player_progress.current_area_id AS player_progress_current_area_id, player_progress.discovered_locations AS player_progress_discovered_locations, player_progress.discovered_areas AS player_progress_discovered_areas, player_progress.location_exploration_level AS player_progress_location_exploration_level, player_progress.area_exploration_level AS player_progress_area_exploration_level, player_progress.inventory AS player_progress_inventory, player_progress.object_level AS player_progress_object_level, player_progress.character_level AS player_progress_character_level, player_progress.dialogue_history AS player_progress_dialogue_history, player_progress.discovered_clues AS player_progress_discovered_clues, player_progress.scanned_qr_codes AS player_progress_scanned_qr_codes, player_progress.action_history AS player_progress_action_history, player_progress.specialization_points AS player_progress_specialization_points, player_progress.specialization_levels AS player_progress_specialization_levels, player_progress.completed_interactions AS player_progress_completed_interactions, player_progress.start_time AS player_progress_start_time, player_progress.last_activity AS player_progress_last_activity, player_progress.locations_visited AS player_progress_locations_visited, player_progress.objects_collected AS player_progress_objects_collected, player_progress.clues_discovered AS player_progress_clues_discovered, player_progress.completion_percentage AS player_progress_completion_percentage, player_progress.total_time_played AS player_progress_total_time_played, player_progress.current_score AS player_progress_current_score, player_progress.achievements AS player_progress_achievements, player_progress.created_at AS player_progress_created_at, player_progress.updated_at AS player_progress_updated_at 
FROM player_progress 
WHERE player_progress.session_id = ?
 LIMIT ? OFFSET ?]
[parameters: ({'success': False, 'error': "type object 'Location' has no attribute 'story_id'"}, 1, 0)]
(Background on this error at: https://sqlalche.me/e/20/f405)
2025-03-08 23:57:41,507 - src.repositories.story_repository - WARNING - História não encontrada: ID None
2025-03-08 23:57:41,514 - src.repositories.story_repository - WARNING - História não encontrada: ID None
2025-03-08 23:57:41,515 - src.repositories.player_progress_repository - ERROR - Erro ao buscar progresso para sessão {'success': False, 'error': "type object 'Location' has no attribute 'story_id'"}: (sqlite3.ProgrammingError) Error binding parameter 1: type 'dict' is not supported
[SQL: SELECT player_progress.progress_id AS player_progress_progress_id, player_progress.player_id AS player_progress_player_id, player_progress.story_id AS player_progress_story_id, player_progress.session_id AS player_progress_session_id, player_progress.current_location_id AS player_progress_current_location_id, player_progress.current_area_id AS player_progress_current_area_id, player_progress.discovered_locations AS player_progress_discovered_locations, player_progress.discovered_areas AS player_progress_discovered_areas, player_progress.location_exploration_level AS player_progress_location_exploration_level, player_progress.area_exploration_level AS player_progress_area_exploration_level, player_progress.inventory AS player_progress_inventory, player_progress.object_level AS player_progress_object_level, player_progress.character_level AS player_progress_character_level, player_progress.dialogue_history AS player_progress_dialogue_history, player_progress.discovered_clues AS player_progress_discovered_clues, player_progress.scanned_qr_codes AS player_progress_scanned_qr_codes, player_progress.action_history AS player_progress_action_history, player_progress.specialization_points AS player_progress_specialization_points, player_progress.specialization_levels AS player_progress_specialization_levels, player_progress.completed_interactions AS player_progress_completed_interactions, player_progress.start_time AS player_progress_start_time, player_progress.last_activity AS player_progress_last_activity, player_progress.locations_visited AS player_progress_locations_visited, player_progress.objects_collected AS player_progress_objects_collected, player_progress.clues_discovered AS player_progress_clues_discovered, player_progress.completion_percentage AS player_progress_completion_percentage, player_progress.total_time_played AS player_progress_total_time_played, player_progress.current_score AS player_progress_current_score, player_progress.achievements AS player_progress_achievements, player_progress.created_at AS player_progress_created_at, player_progress.updated_at AS player_progress_updated_at 
FROM player_progress 
WHERE player_progress.session_id = ?
 LIMIT ? OFFSET ?]
[parameters: ({'success': False, 'error': "type object 'Location' has no attribute 'story_id'"}, 1, 0)]
(Background on this error at: https://sqlalche.me/e/20/f405)
2025-03-08 23:57:41,517 - src.repositories.story_repository - WARNING - História não encontrada: ID None
2025-03-09 00:02:58,953 - __main__ - INFO - Iniciando Enigma Hunter CLI...
2025-03-09 00:03:02,846 - src.repositories.story_repository - ERROR - Erro ao buscar todas as histórias: Mapper 'Mapper[Location(location)]' has no property 'stories'.  If this property was indicated from other mappers or configure events, ensure registry.configure() has been called.
2025-03-09 00:03:02,847 - __main__ - ERROR - Erro fatal: Mapper 'Mapper[Location(location)]' has no property 'stories'.  If this property was indicated from other mappers or configure events, ensure registry.configure() has been called.
2025-03-09 00:07:28,171 - __main__ - INFO - Iniciando Enigma Hunter CLI...
2025-03-09 00:07:33,780 - src.repositories.player_progress_repository - ERROR - Erro ao criar sessão de jogador: Nenhum local inicial definido para a história 1
2025-03-09 00:07:33,795 - src.repositories.player_progress_repository - ERROR - Erro ao buscar progresso para sessão {'success': False, 'error': 'Nenhum local inicial definido para a história 1'}: (sqlite3.ProgrammingError) Error binding parameter 1: type 'dict' is not supported
[SQL: SELECT player_progress.progress_id AS player_progress_progress_id, player_progress.player_id AS player_progress_player_id, player_progress.story_id AS player_progress_story_id, player_progress.session_id AS player_progress_session_id, player_progress.current_location_id AS player_progress_current_location_id, player_progress.current_area_id AS player_progress_current_area_id, player_progress.discovered_locations AS player_progress_discovered_locations, player_progress.discovered_areas AS player_progress_discovered_areas, player_progress.location_exploration_level AS player_progress_location_exploration_level, player_progress.area_exploration_level AS player_progress_area_exploration_level, player_progress.inventory AS player_progress_inventory, player_progress.object_level AS player_progress_object_level, player_progress.character_level AS player_progress_character_level, player_progress.dialogue_history AS player_progress_dialogue_history, player_progress.discovered_clues AS player_progress_discovered_clues, player_progress.scanned_qr_codes AS player_progress_scanned_qr_codes, player_progress.action_history AS player_progress_action_history, player_progress.specialization_points AS player_progress_specialization_points, player_progress.specialization_levels AS player_progress_specialization_levels, player_progress.completed_interactions AS player_progress_completed_interactions, player_progress.start_time AS player_progress_start_time, player_progress.last_activity AS player_progress_last_activity, player_progress.locations_visited AS player_progress_locations_visited, player_progress.objects_collected AS player_progress_objects_collected, player_progress.clues_discovered AS player_progress_clues_discovered, player_progress.completion_percentage AS player_progress_completion_percentage, player_progress.total_time_played AS player_progress_total_time_played, player_progress.current_score AS player_progress_current_score, player_progress.achievements AS player_progress_achievements, player_progress.created_at AS player_progress_created_at, player_progress.updated_at AS player_progress_updated_at 
FROM player_progress 
WHERE player_progress.session_id = ?
 LIMIT ? OFFSET ?]
[parameters: ({'success': False, 'error': 'Nenhum local inicial definido para a história 1'}, 1, 0)]
(Background on this error at: https://sqlalche.me/e/20/f405)
2025-03-09 00:07:33,800 - src.repositories.story_repository - WARNING - História não encontrada: ID None
2025-03-09 00:07:33,804 - src.repositories.story_repository - WARNING - História não encontrada: ID None
2025-03-09 00:07:33,805 - src.repositories.player_progress_repository - ERROR - Erro ao buscar progresso para sessão {'success': False, 'error': 'Nenhum local inicial definido para a história 1'}: (sqlite3.ProgrammingError) Error binding parameter 1: type 'dict' is not supported
[SQL: SELECT player_progress.progress_id AS player_progress_progress_id, player_progress.player_id AS player_progress_player_id, player_progress.story_id AS player_progress_story_id, player_progress.session_id AS player_progress_session_id, player_progress.current_location_id AS player_progress_current_location_id, player_progress.current_area_id AS player_progress_current_area_id, player_progress.discovered_locations AS player_progress_discovered_locations, player_progress.discovered_areas AS player_progress_discovered_areas, player_progress.location_exploration_level AS player_progress_location_exploration_level, player_progress.area_exploration_level AS player_progress_area_exploration_level, player_progress.inventory AS player_progress_inventory, player_progress.object_level AS player_progress_object_level, player_progress.character_level AS player_progress_character_level, player_progress.dialogue_history AS player_progress_dialogue_history, player_progress.discovered_clues AS player_progress_discovered_clues, player_progress.scanned_qr_codes AS player_progress_scanned_qr_codes, player_progress.action_history AS player_progress_action_history, player_progress.specialization_points AS player_progress_specialization_points, player_progress.specialization_levels AS player_progress_specialization_levels, player_progress.completed_interactions AS player_progress_completed_interactions, player_progress.start_time AS player_progress_start_time, player_progress.last_activity AS player_progress_last_activity, player_progress.locations_visited AS player_progress_locations_visited, player_progress.objects_collected AS player_progress_objects_collected, player_progress.clues_discovered AS player_progress_clues_discovered, player_progress.completion_percentage AS player_progress_completion_percentage, player_progress.total_time_played AS player_progress_total_time_played, player_progress.current_score AS player_progress_current_score, player_progress.achievements AS player_progress_achievements, player_progress.created_at AS player_progress_created_at, player_progress.updated_at AS player_progress_updated_at 
FROM player_progress 
WHERE player_progress.session_id = ?
 LIMIT ? OFFSET ?]
[parameters: ({'success': False, 'error': 'Nenhum local inicial definido para a história 1'}, 1, 0)]
(Background on this error at: https://sqlalche.me/e/20/f405)
2025-03-09 00:07:33,806 - src.repositories.story_repository - WARNING - História não encontrada: ID None
2025-03-09 00:16:58,796 - __main__ - INFO - Iniciando Enigma Hunter CLI...
2025-03-09 00:17:05,597 - src.repositories.player_progress_repository - ERROR - Erro ao criar sessão de jogador: Nenhum local inicial definido para a história 1
2025-03-09 00:17:05,608 - src.repositories.player_progress_repository - ERROR - Erro ao buscar progresso para sessão {'success': False, 'error': 'Nenhum local inicial definido para a história 1'}: (sqlite3.ProgrammingError) Error binding parameter 1: type 'dict' is not supported
[SQL: SELECT player_progress.progress_id AS player_progress_progress_id, player_progress.player_id AS player_progress_player_id, player_progress.story_id AS player_progress_story_id, player_progress.session_id AS player_progress_session_id, player_progress.current_location_id AS player_progress_current_location_id, player_progress.current_area_id AS player_progress_current_area_id, player_progress.discovered_locations AS player_progress_discovered_locations, player_progress.discovered_areas AS player_progress_discovered_areas, player_progress.location_exploration_level AS player_progress_location_exploration_level, player_progress.area_exploration_level AS player_progress_area_exploration_level, player_progress.inventory AS player_progress_inventory, player_progress.object_level AS player_progress_object_level, player_progress.character_level AS player_progress_character_level, player_progress.dialogue_history AS player_progress_dialogue_history, player_progress.discovered_clues AS player_progress_discovered_clues, player_progress.scanned_qr_codes AS player_progress_scanned_qr_codes, player_progress.action_history AS player_progress_action_history, player_progress.specialization_points AS player_progress_specialization_points, player_progress.specialization_levels AS player_progress_specialization_levels, player_progress.completed_interactions AS player_progress_completed_interactions, player_progress.start_time AS player_progress_start_time, player_progress.last_activity AS player_progress_last_activity, player_progress.locations_visited AS player_progress_locations_visited, player_progress.objects_collected AS player_progress_objects_collected, player_progress.clues_discovered AS player_progress_clues_discovered, player_progress.completion_percentage AS player_progress_completion_percentage, player_progress.total_time_played AS player_progress_total_time_played, player_progress.current_score AS player_progress_current_score, player_progress.achievements AS player_progress_achievements, player_progress.created_at AS player_progress_created_at, player_progress.updated_at AS player_progress_updated_at 
FROM player_progress 
WHERE player_progress.session_id = ?
 LIMIT ? OFFSET ?]
[parameters: ({'success': False, 'error': 'Nenhum local inicial definido para a história 1'}, 1, 0)]
(Background on this error at: https://sqlalche.me/e/20/f405)
2025-03-09 00:17:05,611 - src.repositories.story_repository - WARNING - História não encontrada: ID None
2025-03-09 00:17:05,614 - src.repositories.story_repository - WARNING - História não encontrada: ID None
2025-03-09 00:17:05,615 - src.repositories.player_progress_repository - ERROR - Erro ao buscar progresso para sessão {'success': False, 'error': 'Nenhum local inicial definido para a história 1'}: (sqlite3.ProgrammingError) Error binding parameter 1: type 'dict' is not supported
[SQL: SELECT player_progress.progress_id AS player_progress_progress_id, player_progress.player_id AS player_progress_player_id, player_progress.story_id AS player_progress_story_id, player_progress.session_id AS player_progress_session_id, player_progress.current_location_id AS player_progress_current_location_id, player_progress.current_area_id AS player_progress_current_area_id, player_progress.discovered_locations AS player_progress_discovered_locations, player_progress.discovered_areas AS player_progress_discovered_areas, player_progress.location_exploration_level AS player_progress_location_exploration_level, player_progress.area_exploration_level AS player_progress_area_exploration_level, player_progress.inventory AS player_progress_inventory, player_progress.object_level AS player_progress_object_level, player_progress.character_level AS player_progress_character_level, player_progress.dialogue_history AS player_progress_dialogue_history, player_progress.discovered_clues AS player_progress_discovered_clues, player_progress.scanned_qr_codes AS player_progress_scanned_qr_codes, player_progress.action_history AS player_progress_action_history, player_progress.specialization_points AS player_progress_specialization_points, player_progress.specialization_levels AS player_progress_specialization_levels, player_progress.completed_interactions AS player_progress_completed_interactions, player_progress.start_time AS player_progress_start_time, player_progress.last_activity AS player_progress_last_activity, player_progress.locations_visited AS player_progress_locations_visited, player_progress.objects_collected AS player_progress_objects_collected, player_progress.clues_discovered AS player_progress_clues_discovered, player_progress.completion_percentage AS player_progress_completion_percentage, player_progress.total_time_played AS player_progress_total_time_played, player_progress.current_score AS player_progress_current_score, player_progress.achievements AS player_progress_achievements, player_progress.created_at AS player_progress_created_at, player_progress.updated_at AS player_progress_updated_at 
FROM player_progress 
WHERE player_progress.session_id = ?
 LIMIT ? OFFSET ?]
[parameters: ({'success': False, 'error': 'Nenhum local inicial definido para a história 1'}, 1, 0)]
(Background on this error at: https://sqlalche.me/e/20/f405)
2025-03-09 00:17:05,616 - src.repositories.story_repository - WARNING - História não encontrada: ID None
2025-03-09 00:24:31,941 - __main__ - INFO - Iniciando Enigma Hunter CLI...
2025-03-09 00:24:39,008 - src.repositories.player_progress_repository - ERROR - Erro ao criar sessão de jogador: name 'Story' is not defined
2025-03-09 00:24:39,008 - src.repositories.player_progress_repository - ERROR - Erro ao obter estado da sessão: session_id inválido: {'success': False, 'error': "name 'Story' is not defined"}
2025-03-09 00:24:39,015 - src.repositories.story_repository - WARNING - História não encontrada: ID None
2025-03-09 00:24:39,022 - src.repositories.story_repository - WARNING - História não encontrada: ID None
2025-03-09 00:24:39,022 - src.repositories.player_progress_repository - ERROR - Erro ao obter estado da sessão: session_id inválido: {'success': False, 'error': "name 'Story' is not defined"}
2025-03-09 00:24:39,024 - src.repositories.story_repository - WARNING - História não encontrada: ID None
2025-03-09 00:27:35,639 - __main__ - INFO - Iniciando Enigma Hunter CLI...
2025-03-09 00:27:41,400 - src.repositories.player_progress_repository - ERROR - Erro ao criar sessão de jogador: name 'Story' is not defined
2025-03-09 00:27:41,401 - src.repositories.player_progress_repository - ERROR - Erro ao obter estado da sessão: session_id inválido: {'success': False, 'error': "name 'Story' is not defined"}
2025-03-09 00:27:41,407 - src.repositories.story_repository - WARNING - História não encontrada: ID None
2025-03-09 00:27:41,414 - src.repositories.story_repository - WARNING - História não encontrada: ID None
2025-03-09 00:27:41,414 - src.repositories.player_progress_repository - ERROR - Erro ao obter estado da sessão: session_id inválido: {'success': False, 'error': "name 'Story' is not defined"}
2025-03-09 00:27:41,416 - src.repositories.story_repository - WARNING - História não encontrada: ID None
2025-03-09 00:39:16,862 - __main__ - INFO - Iniciando Enigma Hunter CLI...
2025-03-09 00:39:23,613 - src.repositories.player_progress_repository - ERROR - Nenhum local inicial encontrado para história 1
2025-03-09 00:40:57,595 - __main__ - INFO - Iniciando Enigma Hunter CLI...
2025-03-09 00:41:03,529 - src.repositories.player_progress_repository - ERROR - Nenhum local inicial encontrado para história 1
2025-03-09 00:41:19,682 - __main__ - INFO - Iniciando Enigma Hunter CLI...
2025-03-09 00:41:33,374 - src.repositories.player_progress_repository - ERROR - Nenhum local inicial encontrado para história 1
2025-03-09 00:44:18,573 - __main__ - INFO - Iniciando Enigma Hunter CLI...
2025-03-09 00:44:33,538 - src.repositories.player_progress_repository - INFO - Sessão criada com sucesso: 40dc9f47-d0c6-44ae-9d9e-14fa4e7fcc1f para história 1
2025-03-09 00:44:33,543 - src.repositories.player_progress_repository - ERROR - session_id inválido (tipo: <class 'dict'>): {'success': True, 'session_id': '40dc9f47-d0c6-44ae-9d9e-14fa4e7fcc1f', 'message': 'Sessão criada com sucesso', 'starting_location': 'Saguão Principal da Estalagem'}
2025-03-09 00:44:33,546 - src.repositories.story_repository - WARNING - História não encontrada: ID None
2025-03-09 00:44:33,550 - src.repositories.story_repository - WARNING - História não encontrada: ID None
2025-03-09 00:44:33,551 - src.repositories.player_progress_repository - ERROR - session_id inválido (tipo: <class 'dict'>): {'success': True, 'session_id': '40dc9f47-d0c6-44ae-9d9e-14fa4e7fcc1f', 'message': 'Sessão criada com sucesso', 'starting_location': 'Saguão Principal da Estalagem'}
2025-03-09 00:44:33,551 - src.repositories.story_repository - WARNING - História não encontrada: ID None
2025-03-09 00:45:07,341 - __main__ - INFO - Iniciando Enigma Hunter CLI...
2025-03-09 00:45:12,624 - src.repositories.player_progress_repository - ERROR - Nenhum local inicial encontrado para história 1
2025-03-09 00:53:00,257 - src.repositories.player_progress_repository - ERROR - Nenhum local inicial encontrado para história 1
2025-03-09 00:53:15,634 - __main__ - INFO - Iniciando Enigma Hunter CLI...
2025-03-09 00:53:23,277 - src.repositories.player_progress_repository - INFO - Sessão criada com sucesso: 166823ea-e14d-420b-8042-9af764e9bd9c para história 1
2025-03-09 00:53:23,279 - src.repositories.player_progress_repository - ERROR - session_id inválido (tipo: <class 'dict'>): {'success': True, 'session_id': '166823ea-e14d-420b-8042-9af764e9bd9c', 'message': 'Sessão criada com sucesso', 'starting_location': 'Saguão Principal da Estalagem'}
2025-03-09 00:53:23,280 - src.repositories.story_repository - WARNING - História não encontrada: ID None
2025-03-09 00:53:23,282 - src.repositories.story_repository - WARNING - História não encontrada: ID None
2025-03-09 00:53:23,282 - src.repositories.player_progress_repository - ERROR - session_id inválido (tipo: <class 'dict'>): {'success': True, 'session_id': '166823ea-e14d-420b-8042-9af764e9bd9c', 'message': 'Sessão criada com sucesso', 'starting_location': 'Saguão Principal da Estalagem'}
2025-03-09 00:53:23,282 - src.repositories.story_repository - WARNING - História não encontrada: ID None
2025-03-09 00:55:40,645 - __main__ - INFO - Iniciando Enigma Hunter CLI...
2025-03-09 00:58:09,572 - __main__ - INFO - Iniciando Enigma Hunter CLI...
2025-03-09 01:02:42,020 - __main__ - INFO - Iniciando Enigma Hunter CLI...
2025-03-09 01:07:43,181 - __main__ - INFO - Iniciando Enigma Hunter CLI...
2025-03-09 01:08:15,698 - __main__ - INFO - Iniciando Enigma Hunter CLI...
2025-03-09 01:08:34,473 - src.repositories.player_progress_repository - ERROR - Erro ao buscar/criar jogador: (sqlite3.IntegrityError) datatype mismatch
[SQL: INSERT INTO player (player_id, username, email, password_hash, last_login, games_played, games_completed, created_at, updated_at, is_deleted, deleted_at) VALUES (?, ?, ?, ?, ?, ?, ?, ?, CURRENT_TIMESTAMP, ?, ?) RETURNING player_id, updated_at]
[parameters: ('ac136c9e-20c1-4553-9db6-b98b8df11fe9', 'Gus', None, None, '2025-03-09 01:08:34.471337', 0, 0, '2025-03-09 01:08:34.471333', 0, None)]
(Background on this error at: https://sqlalche.me/e/20/gkpj)
2025-03-09 01:14:44,764 - __main__ - INFO - Iniciando Enigma Hunter CLI...
2025-03-09 01:14:52,490 - src.repositories.player_progress_repository - INFO - Novo jogador criado: Gustavo
2025-03-09 01:19:11,022 - __main__ - INFO - Iniciando Enigma Hunter CLI...
2025-03-09 01:19:24,061 - src.repositories.player_progress_repository - INFO - Novo jogador criado: Gustavo
2025-03-09 01:19:24,090 - src.repositories.player_progress_repository - INFO - Sessão criada com sucesso: e1e3bd86-151b-40be-b7a0-09292be99352 para história 1
2025-03-09 01:19:55,627 - src.repositories.story_repository - WARNING - História não encontrada: ID None
2025-03-09 01:26:39,641 - __main__ - INFO - Iniciando Enigma Hunter CLI...
2025-03-09 01:26:48,590 - src.repositories.player_progress_repository - INFO - Novo jogador criado: Gustavo
2025-03-09 01:26:48,613 - src.repositories.player_progress_repository - INFO - Sessão criada com sucesso: cc44d7ab-5d2b-4a87-b99a-bedb5a3d3a46 para história 1
2025-03-09 01:26:54,183 - src.repositories.story_repository - WARNING - História não encontrada: ID None
2025-03-09 01:28:08,055 - src.repositories.story_repository - WARNING - História não encontrada: ID None
2025-03-09 01:28:14,305 - src.repositories.story_repository - WARNING - História não encontrada: ID None
2025-03-09 01:28:35,449 - src.repositories.story_repository - WARNING - História não encontrada: ID None
2025-03-09 01:28:47,725 - src.repositories.story_repository - WARNING - História não encontrada: ID None
2025-03-09 01:28:52,983 - src.repositories.story_repository - WARNING - História não encontrada: ID None
2025-03-09 01:29:01,035 - src.repositories.story_repository - WARNING - História não encontrada: ID None
2025-03-09 01:29:04,907 - src.repositories.story_repository - WARNING - História não encontrada: ID None
2025-03-09 01:29:45,055 - src.repositories.story_repository - WARNING - História não encontrada: ID None
2025-03-09 01:30:22,896 - src.repositories.story_repository - WARNING - História não encontrada: ID None
2025-03-09 01:35:09,717 - __main__ - INFO - Iniciando Enigma Hunter CLI...
2025-03-09 01:35:16,488 - __main__ - ERROR - Erro fatal: 'PlayerProgressRepository' object has no attribute 'list_player_sessions'
2025-03-09 01:35:24,366 - __main__ - INFO - Iniciando Enigma Hunter CLI...
2025-03-09 01:35:30,531 - src.repositories.player_progress_repository - INFO - Jogador existente encontrado: Gustavo
2025-03-09 01:35:30,540 - src.repositories.player_progress_repository - INFO - Sessão criada com sucesso: 5e1f1c88-247a-41b4-b05d-f1fd7bb734e2 para história 1
2025-03-09 01:35:34,746 - src.repositories.story_repository - WARNING - História não encontrada: ID None
2025-03-09 01:37:57,814 - __main__ - INFO - Iniciando Enigma Hunter CLI...
2025-03-09 01:38:13,319 - src.repositories.player_progress_repository - INFO - Jogador existente encontrado: Gustavo
2025-03-09 01:38:14,176 - src.repositories.player_progress_repository - INFO - Sessão criada com sucesso: 4d88fd39-8abd-4748-888a-ed5ddd2bf723 para história 1
2025-03-09 01:38:19,331 - src.repositories.story_repository - WARNING - História não encontrada: ID None
2025-03-09 01:40:53,037 - __main__ - INFO - Iniciando Enigma Hunter CLI...
2025-03-09 01:41:01,508 - src.repositories.player_progress_repository - INFO - Jogador existente encontrado: Gustavo
2025-03-09 01:41:01,521 - src.repositories.player_progress_repository - INFO - Sessão criada com sucesso: ebad3548-17f0-471b-810c-e98315549fe9 para história 1
2025-03-09 01:41:05,364 - src.repositories.story_repository - WARNING - História não encontrada: ID None
2025-03-09 02:19:24,598 - __main__ - INFO - Iniciando Enigma Hunter CLI...
2025-03-09 02:19:31,807 - src.repositories.player_progress_repository - INFO - Novo jogador criado: Gustavo
2025-03-09 02:19:31,816 - src.repositories.player_progress_repository - INFO - Sessão criada com sucesso: f0eda8f7-c0a1-4cce-94e3-19e19d03a5b0 para história 1
2025-03-09 02:19:40,898 - src.repositories.story_repository - WARNING - História não encontrada: ID None
2025-03-09 02:19:53,265 - src.repositories.story_repository - WARNING - História não encontrada: ID None
2025-03-09 02:19:53,961 - src.repositories.story_repository - WARNING - História não encontrada: ID None
2025-03-09 02:19:55,489 - src.repositories.story_repository - WARNING - História não encontrada: ID None
2025-03-09 02:19:55,738 - src.repositories.story_repository - WARNING - História não encontrada: ID None
2025-03-09 02:19:56,138 - src.repositories.story_repository - WARNING - História não encontrada: ID None
2025-03-09 02:20:14,180 - src.repositories.story_repository - WARNING - História não encontrada: ID None
2025-03-09 02:26:57,405 - __main__ - INFO - Iniciando Enigma Hunter CLI...
2025-03-09 02:27:03,889 - __main__ - ERROR - Erro fatal: 'PlayerProgressRepository' object has no attribute 'list_player_sessions'
2025-03-09 02:27:08,334 - __main__ - INFO - Iniciando Enigma Hunter CLI...
2025-03-09 02:27:14,755 - src.repositories.player_progress_repository - INFO - Jogador existente encontrado: Gustavo
2025-03-09 02:27:14,775 - src.repositories.player_progress_repository - INFO - Sessão criada com sucesso: 5386ebc1-5d52-40fd-83d7-30eae3e6761b para história 1
2025-03-09 02:27:16,938 - src.repositories.story_repository - WARNING - História não encontrada: ID None
2025-03-09 02:27:17,586 - src.repositories.story_repository - WARNING - História não encontrada: ID None
2025-03-09 02:29:03,954 - __main__ - INFO - Iniciando Enigma Hunter CLI...
2025-03-09 02:29:08,614 - src.repositories.player_progress_repository - INFO - Novo jogador criado: Gus
2025-03-09 02:29:08,638 - src.repositories.player_progress_repository - INFO - Sessão criada com sucesso: 92b898a8-a4e6-41d2-a76d-b20c7676e738 para história 1
2025-03-09 02:29:11,490 - src.repositories.story_repository - WARNING - História não encontrada: ID None
2025-03-09 02:37:15,036 - __main__ - INFO - Iniciando Enigma Hunter CLI...
2025-03-09 02:37:20,672 - src.repositories.player_progress_repository - INFO - Jogador existente encontrado: Gus
2025-03-09 02:37:20,701 - src.repositories.player_progress_repository - INFO - Sessão criada com sucesso: 0f3461ef-9d13-4e52-8c96-155cad20eb3b para história 1
2025-03-09 02:37:23,156 - src.repositories.story_repository - WARNING - História não encontrada: ID None
2025-03-09 02:38:19,683 - src.repositories.story_repository - WARNING - História não encontrada: ID None
2025-03-09 02:38:20,412 - src.repositories.story_repository - WARNING - História não encontrada: ID None
2025-03-09 02:38:24,070 - src.repositories.story_repository - WARNING - História não encontrada: ID None
2025-03-09 02:38:24,476 - src.repositories.story_repository - WARNING - História não encontrada: ID None
2025-03-09 02:38:24,679 - src.repositories.story_repository - WARNING - História não encontrada: ID None
2025-03-09 02:38:24,840 - src.repositories.story_repository - WARNING - História não encontrada: ID None
2025-03-09 02:38:24,979 - src.repositories.story_repository - WARNING - História não encontrada: ID None
2025-03-09 02:38:25,100 - src.repositories.story_repository - WARNING - História não encontrada: ID None
2025-03-09 02:38:25,253 - src.repositories.story_repository - WARNING - História não encontrada: ID None
2025-03-09 02:38:26,165 - src.repositories.story_repository - WARNING - História não encontrada: ID None
2025-03-09 02:39:59,815 - __main__ - INFO - Iniciando Enigma Hunter CLI...
2025-03-09 02:40:04,960 - src.repositories.player_progress_repository - INFO - Jogador existente encontrado: Gus
2025-03-09 02:40:04,986 - src.repositories.player_progress_repository - INFO - Sessão criada com sucesso: 8ed2708b-0bb2-4496-bcec-5dcbfa7235a1 para história 1
2025-03-09 02:40:06,951 - src.repositories.story_repository - WARNING - História não encontrada: ID None
2025-03-09 02:41:00,100 - src.repositories.story_repository - WARNING - História não encontrada: ID None
2025-03-09 02:41:02,285 - src.repositories.story_repository - WARNING - História não encontrada: ID None
2025-03-09 09:16:09,822 - __main__ - INFO - Iniciando Enigma Hunter CLI...
2025-03-09 09:16:15,695 - src.repositories.player_progress_repository - INFO - Jogador existente encontrado: Gus
2025-03-09 09:16:15,705 - src.repositories.player_progress_repository - INFO - Sessão criada com sucesso: b5504a9b-7559-49ac-ae55-fd5766a3997f para história 1
2025-03-09 09:16:18,426 - src.repositories.story_repository - WARNING - História não encontrada: ID None
2025-03-09 09:19:29,025 - __main__ - INFO - Iniciando Enigma Hunter CLI...
2025-03-09 09:19:36,166 - src.repositories.player_progress_repository - INFO - Jogador existente encontrado: Gus
2025-03-09 09:19:36,169 - src.repositories.player_progress_repository - ERROR - Erro ao criar sessão: 'game_status' is an invalid keyword argument for PlayerProgress
2025-03-09 09:19:47,524 - src.repositories.player_progress_repository - INFO - Jogador existente encontrado: Gus
2025-03-09 09:19:47,525 - src.repositories.player_progress_repository - ERROR - Erro ao criar sessão: 'game_status' is an invalid keyword argument for PlayerProgress
2025-03-09 09:25:23,157 - __main__ - INFO - Iniciando Enigma Hunter CLI...
2025-03-09 09:25:42,787 - src.repositories.player_progress_repository - INFO - Jogador existente encontrado: Gus
2025-03-09 09:25:42,790 - src.repositories.player_progress_repository - ERROR - Erro ao criar sessão: 'game_status' is an invalid keyword argument for PlayerProgress
2025-03-09 09:25:50,382 - src.repositories.player_progress_repository - INFO - Jogador existente encontrado: Gus
2025-03-09 09:25:50,383 - src.repositories.player_progress_repository - ERROR - Erro ao criar sessão: 'game_status' is an invalid keyword argument for PlayerProgress
2025-03-09 09:26:15,320 - __main__ - INFO - Iniciando Enigma Hunter CLI...
2025-03-09 09:26:20,817 - src.repositories.player_progress_repository - INFO - Novo jogador criado: Gus
2025-03-09 09:26:20,820 - src.repositories.player_progress_repository - ERROR - Erro ao criar sessão: 'game_status' is an invalid keyword argument for PlayerProgress
2025-03-09 09:28:19,988 - __main__ - INFO - Iniciando Enigma Hunter CLI...
2025-03-09 09:28:25,000 - src.repositories.player_progress_repository - INFO - Novo jogador criado: Gus
2025-03-09 09:28:25,004 - src.repositories.player_progress_repository - ERROR - Erro ao criar sessão: 'game_status' is an invalid keyword argument for PlayerProgress
2025-03-09 09:32:10,663 - __main__ - INFO - Iniciando Enigma Hunter CLI...
2025-03-09 09:32:16,620 - src.repositories.player_progress_repository - INFO - Novo jogador criado: Gus
2025-03-09 09:32:16,633 - src.repositories.player_progress_repository - ERROR - Erro ao criar sessão: 'game_status' is an invalid keyword argument for PlayerProgress
2025-03-09 09:39:05,443 - __main__ - INFO - Iniciando Enigma Hunter CLI...
2025-03-09 09:39:11,444 - src.repositories.player_progress_repository - INFO - Novo jogador criado: Gus
2025-03-09 09:39:11,448 - src.repositories.player_progress_repository - ERROR - Erro ao criar sessão: 'game_status' is an invalid keyword argument for PlayerProgress
2025-03-09 09:58:39,912 - __main__ - INFO - Iniciando Enigma Hunter CLI...
2025-03-09 09:58:44,573 - src.repositories.player_progress_repository - INFO - Novo jogador criado: Gus
2025-03-09 09:58:44,578 - src.repositories.player_progress_repository - ERROR - Erro ao criar sessão: (sqlite3.IntegrityError) NOT NULL constraint failed: player_progress.start_time
[SQL: INSERT INTO player_progress (player_id, story_id, session_id, game_status, current_location_id, current_area_id, discovered_locations, discovered_areas, location_exploration_level, area_exploration_level, inventory, object_level, character_level, dialogue_history, discovered_clues, scanned_qr_codes, action_history, specialization_points, specialization_levels, completed_interactions, start_time, last_activity, locations_visited, objects_collected, clues_discovered, completion_percentage, total_time_played, current_score, achievements, created_at, updated_at) VALUES (?, ?, ?, ?, ?, ?, ?, ?, ?, ?, ?, ?, ?, ?, ?, ?, ?, ?, ?, ?, ?, ?, ?, ?, ?, ?, ?, ?, ?, ?, CURRENT_TIMESTAMP) RETURNING progress_id, updated_at]
[parameters: ('ad1acb31-0a86-4ac4-a8d2-0325ef9a07b9', 1, 'f20f4a6a-1066-4591-be40-3f7be331bd29', 'active', 1, None, '[]', '{}', '{}', '{}', '[]', '{}', '{}', '{}', '[]', '[]', '[]', '{}', '{}', '{"objetos": [], "personagens": [], "areas": [], "pistas": [], "combinacoes": []}', None, None, '[]', '[]', '[]', 0.0, 0, 0, '[]', '2025-03-09 09:58:44.576504')]
(Background on this error at: https://sqlalche.me/e/20/gkpj)
2025-03-09 10:00:57,806 - __main__ - INFO - Iniciando Enigma Hunter CLI...
2025-03-09 10:01:13,390 - src.repositories.player_progress_repository - INFO - Novo jogador criado: gus
2025-03-09 10:02:12,305 - __main__ - INFO - Iniciando Enigma Hunter CLI...
2025-03-09 10:02:16,869 - src.repositories.player_progress_repository - INFO - Novo jogador criado: Gus
2025-03-09 10:20:31,894 - __main__ - INFO - Iniciando Enigma Hunter CLI...
2025-03-09 10:20:37,740 - src.repositories.player_progress_repository - INFO - Jogador existente encontrado: Gus
2025-03-09 10:26:41,257 - __main__ - INFO - Iniciando Enigma Hunter CLI...
2025-03-09 10:26:55,550 - src.repositories.player_progress_repository - INFO - Jogador existente encontrado: Gus
2025-03-09 10:30:44,365 - __main__ - INFO - Iniciando Enigma Hunter CLI...
2025-03-09 10:30:49,502 - src.repositories.player_progress_repository - INFO - Jogador existente encontrado: Gus
2025-03-09 10:32:37,529 - __main__ - INFO - Iniciando Enigma Hunter CLI...
2025-03-09 10:32:43,838 - src.repositories.player_progress_repository - INFO - Jogador existente encontrado: Gus
2025-03-09 10:34:49,918 - __main__ - INFO - Iniciando Enigma Hunter CLI...
2025-03-09 10:34:55,344 - src.repositories.player_progress_repository - INFO - Jogador existente encontrado: Gus
2025-03-09 10:35:43,891 - __main__ - INFO - Iniciando Enigma Hunter CLI...
2025-03-09 10:35:49,248 - src.repositories.player_progress_repository - INFO - Novo jogador criado: Gus
2025-03-09 12:04:12,797 - __main__ - INFO - Iniciando Enigma Hunter CLI...
2025-03-09 12:04:18,320 - src.repositories.player_progress_repository - INFO - Novo jogador criado: Gus
2025-03-09 12:08:00,625 - __main__ - INFO - Iniciando Enigma Hunter CLI...
2025-03-09 12:08:06,337 - src.repositories.player_progress_repository - INFO - Novo jogador criado: Gus
2025-03-09 12:33:19,296 - __main__ - INFO - Iniciando Enigma Hunter CLI...
2025-03-09 12:33:24,437 - src.repositories.player_progress_repository - ERROR - Erro ao buscar/criar jogador: (builtins.TypeError) SQLite DateTime type only accepts Python datetime and date objects as input.
[SQL: UPDATE player SET last_login=?, updated_at=? WHERE player.player_id = ?]
[parameters: [{'last_login': datetime.datetime(2025, 3, 9, 12, 33, 24, 435835), 'player_player_id': '0969ab9c-8e22-49b3-8ba1-8108f662d857'}]]
2025-03-09 12:35:55,046 - __main__ - INFO - Iniciando Enigma Hunter CLI...
2025-03-09 12:35:59,853 - src.repositories.player_progress_repository - INFO - Jogador existente encontrado: Gus
2025-03-09 12:35:59,859 - src.repositories.player_progress_repository - ERROR - Erro ao criar sessão: (builtins.TypeError) SQLite DateTime type only accepts Python datetime and date objects as input.
[SQL: INSERT INTO player_progress (player_id, story_id, session_id, game_status, current_location_id, current_area_id, discovered_locations, discovered_areas, location_exploration_level, area_exploration_level, inventory, object_level, character_level, dialogue_history, discovered_clues, scanned_qr_codes, action_history, specialization_points, specialization_levels, completed_interactions, start_time, last_activity, locations_visited, objects_collected, clues_discovered, completion_percentage, total_time_played, current_score, achievements, created_at, updated_at) VALUES (?, ?, ?, ?, ?, ?, ?, ?, ?, ?, ?, ?, ?, ?, ?, ?, ?, ?, ?, ?, ?, ?, ?, ?, ?, ?, ?, ?, ?, ?, ?)]
[parameters: [{'dialogue_history': {}, 'objects_collected': [], 'location_exploration_level': {}, 'story_id': 1, 'object_level': {}, 'specialization_levels': {}, 'i ... (626 characters truncated) ... 'clues_discovered': [], 'total_time_played': 0, 'specialization_points': {}, 'discovered_areas': {}, 'game_status': 'active', 'current_area_id': None}]]
2025-03-09 12:37:35,413 - __main__ - INFO - Iniciando Enigma Hunter CLI...
2025-03-09 12:38:16,607 - __main__ - INFO - Iniciando Enigma Hunter CLI...
2025-03-09 12:46:29,289 - __main__ - INFO - Iniciando Enigma Hunter CLI...
2025-03-09 13:00:29,512 - __main__ - INFO - Iniciando Enigma Hunter CLI...
2025-03-09 14:59:14,216 - __main__ - INFO - Iniciando Enigma Hunter CLI...
2025-03-09 15:03:59,924 - __main__ - INFO - Iniciando Enigma Hunter CLI...
2025-03-09 15:08:13,000 - __main__ - INFO - Iniciando Enigma Hunter CLI...
2025-03-09 15:13:15,278 - __main__ - INFO - Iniciando Enigma Hunter CLI...
2025-03-09 15:13:20,655 - src.repositories.player_progress_repository - ERROR - Erro ao criar sessão: (builtins.TypeError) SQLite DateTime type only accepts Python datetime and date objects as input.
[SQL: INSERT INTO player_progress (player_id, story_id, session_id, game_status, current_location_id, current_area_id, discovered_locations, discovered_areas, location_exploration_level, area_exploration_level, inventory, object_level, character_level, dialogue_history, discovered_clues, scanned_qr_codes, action_history, specialization_points, specialization_levels, completed_interactions, start_time, last_activity, locations_visited, objects_collected, clues_discovered, completion_percentage, total_time_played, current_score, achievements, created_at, updated_at) VALUES (?, ?, ?, ?, ?, ?, ?, ?, ?, ?, ?, ?, ?, ?, ?, ?, ?, ?, ?, ?, ?, ?, ?, ?, ?, ?, ?, ?, ?, ?, ?)]
[parameters: [{'dialogue_history': {}, 'game_status': 'active', 'inventory': [], 'area_exploration_level': {}, 'objects_collected': [], 'total_time_played': 0, 'dis ... (626 characters truncated) ... scovered_clues': [], 'current_score': 0, 'location_exploration_level': {}, 'current_location_id': 1, 'locations_visited': [], 'current_area_id': None}]]
2025-03-09 15:17:39,322 - src.repositories.player_progress_repository - ERROR - Erro ao criar sessão: (builtins.TypeError) SQLite DateTime type only accepts Python datetime and date objects as input.
[SQL: INSERT INTO player_progress (player_id, story_id, session_id, game_status, current_location_id, current_area_id, discovered_locations, discovered_areas, location_exploration_level, area_exploration_level, inventory, object_level, character_level, dialogue_history, discovered_clues, scanned_qr_codes, action_history, specialization_points, specialization_levels, completed_interactions, start_time, last_activity, locations_visited, objects_collected, clues_discovered, completion_percentage, total_time_played, current_score, achievements, created_at, updated_at) VALUES (?, ?, ?, ?, ?, ?, ?, ?, ?, ?, ?, ?, ?, ?, ?, ?, ?, ?, ?, ?, ?, ?, ?, ?, ?, ?, ?, ?, ?, ?, ?)]
[parameters: [{'dialogue_history': {}, 'game_status': 'active', 'inventory': [], 'area_exploration_level': {}, 'objects_collected': [], 'total_time_played': 0, 'dis ... (626 characters truncated) ... scovered_clues': [], 'current_score': 0, 'location_exploration_level': {}, 'current_location_id': 1, 'locations_visited': [], 'current_area_id': None}]]
2025-03-09 15:17:48,350 - __main__ - INFO - Iniciando Enigma Hunter CLI...
2025-03-09 15:21:34,260 - __main__ - INFO - Iniciando Enigma Hunter CLI...
2025-03-09 15:30:40,689 - __main__ - INFO - Iniciando Enigma Hunter CLI...
2025-03-09 15:30:57,996 - src.repositories.player_progress_repository - ERROR - Erro ao mover para área 1: 'str' object does not support item assignment
2025-03-09 15:33:59,825 - __main__ - INFO - Iniciando Enigma Hunter CLI...
2025-03-09 15:34:09,303 - src.repositories.player_progress_repository - ERROR - Erro ao mover para área 1: (builtins.TypeError) SQLite DateTime type only accepts Python datetime and date objects as input.
[SQL: UPDATE player_progress SET current_area_id=?, discovered_areas=?, action_history=?, last_activity=?, updated_at=? WHERE player_progress.progress_id = ?]
[parameters: [{'last_activity': datetime.datetime(2025, 3, 9, 15, 34, 9, 302583), 'current_area_id': 1, 'discovered_areas': '{"1": {"areas": [1], "visits": 1, "last ... (32 characters truncated) ... 2601"}}', 'action_history': '[{"action": "move_to_area", "area_id": 1, "timestamp": "2025-03-09T15:34:09.302622"}]', 'player_progress_progress_id': 4}]]
2025-03-09 15:36:09,909 - __main__ - INFO - Iniciando Enigma Hunter CLI...
2025-03-09 15:40:29,117 - src.repositories.player_progress_repository - ERROR - Erro ao listar sessões do jogador gud: This Session's transaction has been rolled back due to a previous exception during flush. To begin a new transaction with this Session, first issue Session.rollback(). Original exception was: (builtins.TypeError) SQLite DateTime type only accepts Python datetime and date objects as input.
[SQL: UPDATE player_progress SET game_status=?, updated_at=? WHERE player_progress.progress_id = ?]
[parameters: [{'game_status': 'saved', 'player_progress_progress_id': 5}]] (Background on this error at: https://sqlalche.me/e/20/7s2a)
2025-03-09 15:40:41,589 - src.repositories.player_progress_repository - ERROR - Erro ao listar sessões do jogador gus: This Session's transaction has been rolled back due to a previous exception during flush. To begin a new transaction with this Session, first issue Session.rollback(). Original exception was: (builtins.TypeError) SQLite DateTime type only accepts Python datetime and date objects as input.
[SQL: UPDATE player_progress SET game_status=?, updated_at=? WHERE player_progress.progress_id = ?]
[parameters: [{'game_status': 'saved', 'player_progress_progress_id': 5}]] (Background on this error at: https://sqlalche.me/e/20/7s2a)
